<?xml version="1.0" encoding="UTF-8"?>
<robot generator="Robot 3.2.1 (Python 3.8.3 on win32)" generated="20200623 19:23:18.162" rpa="false">
<suite id="s1" name="APIsTest" source="C:\Users\amjad\PycharmProjects\MultiThreading\exalt\APIsTest.robot">
<test id="s1-t1" name="GetServerResource">
<kw name="OpenSession">
<kw name="Create Session" library="RequestsLibrary">
<doc>Create Session: create a HTTP session to a server</doc>
<arguments>
<arg>${session_name}</arg>
<arg>${base_url}</arg>
</arguments>
<msg timestamp="20200623 19:23:18.277" level="INFO">Creating Session using : alias=Multithreading, url=http://localhost:8080, headers={},                     cookies={}, auth=None, timeout=None, proxies=None, verify=False,                     debug=0 </msg>
<status status="PASS" starttime="20200623 19:23:18.276" endtime="20200623 19:23:18.277"></status>
</kw>
<status status="PASS" starttime="20200623 19:23:18.276" endtime="20200623 19:23:18.277"></status>
</kw>
<kw name="GetRequestt">
<arguments>
<arg>/server</arg>
</arguments>
<assign>
<var>${response}</var>
</assign>
<kw name="Get Request" library="RequestsLibrary">
<doc>Send a GET request on the session object found using the
given `alias`</doc>
<arguments>
<arg>${session_name}</arg>
<arg>${resource}</arg>
</arguments>
<assign>
<var>${response}</var>
</assign>
<msg timestamp="20200623 19:23:18.711" level="INFO">GET Request : url=http://localhost:8080/server 
 path_url=/server 
 headers={'User-Agent': 'python-requests/2.24.0', 'Accept-Encoding': 'gzip, deflate', 'Accept': '*/*', 'Connection': 'keep-alive'} 
 body=None 
 </msg>
<msg timestamp="20200623 19:23:18.711" level="INFO">GET Response : url=http://localhost:8080/server 
 status=200, reason= 
 body=[{"id":"48N8hYgfh8xmggnNTpbo7a","remainingCapacity":80},{"id":"2L2P3A9LK5Lkg0YoY8Jtl7","remainingCapacity":60},{"id":"2OC6pZY2EbaPuGrquUZ8hC","remainingCapacity":3},{"id":"nGHLLGxOSX7q0p6x77KRt","remainingCapacity":3},{"id":"7ahO6svpE3AaAkYIVdrUKQ","remainingCapacity":7},{"id":"5QmsqwTCOV9WxQROHV2zHv","remainingCapacity":35},{"id":"22zp7EhD0MKyZyaFeOJhDh","remainingCapacity":8},{"id":"5YkZwGVL3GLVRdMeEFZY1y","remainingCapacity":80},{"id":"6UURBcBlPFmyomrZxjYsGk","remainingCapacity":80},{"id":"4RXCibEC5Ztd6eZvNqANM3","remainingCapacity":23},{"id":"1","remainingCapacity":5},{"id":"5B69u5xT1it9UpgLgWZ7IK","remainingCapacity":0},{"id":"5ScqgY439DltgUby1lLd6K","remainingCapacity":0},{"id":"6p0Mma7LzwCxT8xxpTaRu1","remainingCapacity":1},{"id":"54Qw7uTToCsLYoDJJfmNvE","remainingCapacity":-10},{"id":"5A2W6tE38sWPZOs0tJ1uuL","remainingCapacity":24},{"id":"1BRPo5JXbZ1z0kzPKAgNaX","remainingCapacity":25},{"id":"jWF31HLNrly1sbT6Oet1S","remainingCapacity":80},{"id":"5Pk5MA0BtKyt5IX5xnTU2j","remainingCapacity":0},{"id":"4xErolWc68mCsubDH3ubfC","remainingCapacity":2},{"id":"3k63d8AG6irVRJm3LEAXjh","remainingCapacity":55},{"id":"1HZq3cTN2hh1tDjwmsRBZt","remainingCapacity":60},{"id":"4WbWTnxvHz1lZQjHbS4GwD","remainingCapacity":245},{"id":"4NHvK9PGK0K6UnDdg5klQM","remainingCapacity":35},{"id":"2u5TawvWH9NNZVvATCWzf7","remainingCapacity":50},{"id":"4o90tSMY4IpujryV0B3pUr","remainingCapacity":0},{"id":"3","remainingCapacity":50},{"id":"gpX8wtjYoAGWN2HjSn9uo","remainingCapacity":1},{"id":"3FynLoqMdBHQJh88vX1KgU","remainingCapacity":7},{"id":"5HiYwADR6kdVBV0A6XGNib","remainingCapacity":22},{"id":"613hpWU2Rs3BrjIGKLQ9Fk","remainingCapacity":5},{"id":"3Z5otCvX9BI0n4yubTyVpF","remainingCapacity":0},{"id":"6Uxmgy7ETMabTSifTHByH8","remainingCapacity":80},{"id":"2E9igC0jBf2nZ1rmUe05qx","remainingCapacity":5},{"id":"2pWCdjzBbhxJU1JWSnOy9F","remainingCapacity":4},{"id":"2yurs8fZQ3QgbiwZBQjNTN","remainingCapacity":90},{"id":"6uqUA9fCbMR66CVNnwZbcw","remainingCapacity":40}] 
 </msg>
<msg timestamp="20200623 19:23:18.712" level="INFO">${response} = &lt;Response [200]&gt;</msg>
<status status="PASS" starttime="20200623 19:23:18.278" endtime="20200623 19:23:18.712"></status>
</kw>
<msg timestamp="20200623 19:23:18.712" level="INFO">${response} = &lt;Response [200]&gt;</msg>
<status status="PASS" starttime="20200623 19:23:18.278" endtime="20200623 19:23:18.712"></status>
</kw>
<kw name="Should Be Equal As Integers" library="BuiltIn">
<doc>Fails if objects are unequal after converting them to integers.</doc>
<arguments>
<arg>${response.status_code}</arg>
<arg>200</arg>
</arguments>
<msg timestamp="20200623 19:23:18.713" level="INFO">Argument types are:
&lt;class 'int'&gt;
&lt;type 'unicode'&gt;</msg>
<status status="PASS" starttime="20200623 19:23:18.713" endtime="20200623 19:23:18.713"></status>
</kw>
<status status="PASS" starttime="20200623 19:23:18.275" endtime="20200623 19:23:18.713" critical="yes"></status>
</test>
<test id="s1-t2" name="GetCustomrResource">
<kw name="OpenSession">
<kw name="Create Session" library="RequestsLibrary">
<doc>Create Session: create a HTTP session to a server</doc>
<arguments>
<arg>${session_name}</arg>
<arg>${base_url}</arg>
</arguments>
<msg timestamp="20200623 19:23:18.716" level="INFO">Creating Session using : alias=Multithreading, url=http://localhost:8080, headers={},                     cookies={}, auth=None, timeout=None, proxies=None, verify=False,                     debug=0 </msg>
<status status="PASS" starttime="20200623 19:23:18.716" endtime="20200623 19:23:18.716"></status>
</kw>
<status status="PASS" starttime="20200623 19:23:18.715" endtime="20200623 19:23:18.716"></status>
</kw>
<kw name="GetRequestt">
<arguments>
<arg>/customer</arg>
</arguments>
<assign>
<var>${response}</var>
</assign>
<kw name="Get Request" library="RequestsLibrary">
<doc>Send a GET request on the session object found using the
given `alias`</doc>
<arguments>
<arg>${session_name}</arg>
<arg>${resource}</arg>
</arguments>
<assign>
<var>${response}</var>
</assign>
<msg timestamp="20200623 19:23:19.169" level="INFO">GET Request : url=http://localhost:8080/customer 
 path_url=/customer 
 headers={'User-Agent': 'python-requests/2.24.0', 'Accept-Encoding': 'gzip, deflate', 'Accept': '*/*', 'Connection': 'keep-alive'} 
 body=None 
 </msg>
<msg timestamp="20200623 19:23:19.169" level="INFO">GET Response : url=http://localhost:8080/customer 
 status=200, reason= 
 body=[{"id":"6bVwF0lcrHtCqDKraKHEYD","name":"hussam","reservedSpace":20},{"id":"3h4QWXAExJIBUxX7IYoqMd","name":"amjad","reservedSpace":54},{"id":"5FQzKHEJWNDsijIe2OiAyj","name":"hussam","reservedSpace":60},{"id":"67","name":"lolo","reservedSpace":54},{"id":"77","name":"lol","reservedSpace":50},{"id":"7K4aMMHccDQynVdBpmcrVc","name":"hussam","reservedSpace":150},{"id":"1y0u1W6HeJ1KaVfR0k184O","name":"amjad","reservedSpace":571},{"id":"eabU4Hp6KRDNtcBsF9TqG","name":"layth","reservedSpace":54},{"id":"62yQVEPJRjt9MP8TbmPuPv","name":"amjad","reservedSpace":0},{"id":"4PKNxlBIg0Gx97lewL3Kz4","name":"hadi","reservedSpace":145},{"id":"4BwOKbTMev2lc6jwOWBpNm","name":"hadi","reservedSpace":308}] 
 </msg>
<msg timestamp="20200623 19:23:19.169" level="INFO">${response} = &lt;Response [200]&gt;</msg>
<status status="PASS" starttime="20200623 19:23:18.717" endtime="20200623 19:23:19.169"></status>
</kw>
<msg timestamp="20200623 19:23:19.170" level="INFO">${response} = &lt;Response [200]&gt;</msg>
<status status="PASS" starttime="20200623 19:23:18.717" endtime="20200623 19:23:19.170"></status>
</kw>
<kw name="Should Be Equal As Integers" library="BuiltIn">
<doc>Fails if objects are unequal after converting them to integers.</doc>
<arguments>
<arg>${response.status_code}</arg>
<arg>200</arg>
</arguments>
<msg timestamp="20200623 19:23:19.171" level="INFO">Argument types are:
&lt;class 'int'&gt;
&lt;type 'unicode'&gt;</msg>
<status status="PASS" starttime="20200623 19:23:19.171" endtime="20200623 19:23:19.171"></status>
</kw>
<status status="PASS" starttime="20200623 19:23:18.715" endtime="20200623 19:23:19.172" critical="yes"></status>
</test>
<status status="PASS" starttime="20200623 19:23:18.165" endtime="20200623 19:23:19.174"></status>
</suite>
<statistics>
<total>
<stat pass="2" fail="0">Critical Tests</stat>
<stat pass="2" fail="0">All Tests</stat>
</total>
<tag>
</tag>
<suite>
<stat pass="2" fail="0" id="s1" name="APIsTest">APIsTest</stat>
</suite>
</statistics>
<errors>
</errors>
</robot>
